   0     0.544709    88.965     0.133438    98.750    98.750
   1     0.199960    96.970     0.093279    98.560    98.750
   2     0.138148    97.613     0.076953    98.720    98.750
   3     0.109849    97.840     0.063777    98.940    98.940
   4     0.090608    98.120     0.043471    99.320    99.320
   5     0.083671    98.100     0.040140    99.250    99.320
   6     0.073513    98.222     0.044764    99.090    99.320
   7     0.065572    98.390     0.043420    98.970    99.320
   8     0.064739    98.382     0.041060    99.240    99.320
   9     0.059150    98.507     0.029463    99.390    99.390
  10     0.054415    98.620     0.037564    99.120    99.390
  11     0.054393    98.585     0.036910    99.250    99.390
  12     0.051572    98.625     0.021396    99.440    99.440
  13     0.048980    98.700     0.040632    98.920    99.440
  14     0.045934    98.802     0.023005    99.520    99.520
  15     0.043077    98.823     0.020318    99.480    99.520
  16     0.039947    98.935     0.037929    99.090    99.520
  17     0.040662    98.883     0.021195    99.470    99.520
  18     0.036342    98.962     0.026647    99.340    99.520
  19     0.035745    99.040     0.013504    99.650    99.650
  20     0.036046    98.952     0.015752    99.570    99.650
  21     0.032792    99.150     0.016321    99.540    99.650
  22     0.032330    99.120     0.013659    99.650    99.650
  23     0.030065    99.125     0.017808    99.490    99.650
  24     0.031352    99.100     0.019859    99.530    99.650
  25     0.027750    99.195     0.013093    99.700    99.700
  26     0.028191    99.203     0.014567    99.600    99.700
  27     0.027774    99.207     0.013260    99.650    99.700
  28     0.024985    99.308     0.012577    99.660    99.700
  29     0.025209    99.283     0.016719    99.500    99.700
  30     0.026200    99.247     0.013389    99.580    99.700
  31     0.023030    99.335     0.013911    99.620    99.700
  32     0.021402    99.392     0.011011    99.650    99.700
  33     0.022669    99.337     0.011292    99.680    99.700
  34     0.021573    99.388     0.012752    99.640    99.700
  35     0.022075    99.363     0.013949    99.540    99.700
  36     0.021072    99.393     0.011248    99.670    99.700
  37     0.021293    99.407     0.010570    99.660    99.700
  38     0.019115    99.473     0.016405    99.570    99.700
  39     0.017871    99.483     0.009877    99.710    99.710
  40     0.019348    99.445     0.011105    99.640    99.710
  41     0.018602    99.460     0.011132    99.650    99.710
  42     0.017318    99.522     0.010155    99.660    99.710
  43     0.015576    99.558     0.010564    99.670    99.710
  44     0.016713    99.515     0.011622    99.600    99.710
  45     0.016007    99.540     0.010724    99.700    99.710
  46     0.014921    99.562     0.009577    99.740    99.740
  47     0.015074    99.572     0.009450    99.720    99.740
  48     0.016065    99.548     0.013150    99.620    99.740
  49     0.015010    99.555     0.009766    99.730    99.740
  50     0.014736    99.570     0.011808    99.630    99.740
  51     0.011877    99.670     0.008657    99.700    99.740
  52     0.012684    99.627     0.009504    99.640    99.740
  53     0.012905    99.635     0.008750    99.730    99.740
  54     0.011569    99.682     0.009941    99.720    99.740
  55     0.012648    99.642     0.009357    99.710    99.740
  56     0.011873    99.650     0.010278    99.670    99.740
  57     0.012472    99.625     0.012222    99.580    99.740
  58     0.012236    99.643     0.010299    99.740    99.740
  59     0.011351    99.638     0.009866    99.670    99.740
  60     0.010196    99.718     0.010597    99.660    99.740
  61     0.011274    99.650     0.009858    99.670    99.740
  62     0.009948    99.723     0.008699    99.720    99.740
  63     0.010556    99.690     0.010248    99.660    99.740
  64     0.010485    99.700     0.012061    99.660    99.740
  65     0.010295    99.688     0.010512    99.650    99.740
  66     0.009812    99.717     0.009259    99.690    99.740
  67     0.010321    99.713     0.009602    99.680    99.740
  68     0.009459    99.715     0.008147    99.750    99.750
  69     0.008648    99.753     0.009830    99.680    99.750
  70     0.008749    99.747     0.010288    99.710    99.750
  71     0.008039    99.785     0.010584    99.700    99.750
  72     0.008998    99.758     0.010646    99.690    99.750
  73     0.008603    99.763     0.009461    99.700    99.750
  74     0.008650    99.762     0.008827    99.720    99.750
  75     0.007776    99.778     0.009290    99.710    99.750
  76     0.007818    99.775     0.007808    99.740    99.750
  77     0.007006    99.780     0.008771    99.690    99.750
  78     0.007581    99.782     0.009231    99.720    99.750
  79     0.007541    99.763     0.010353    99.690    99.750
  80     0.008123    99.783     0.009880    99.700    99.750
  81     0.006849    99.813     0.010054    99.660    99.750
  82     0.006890    99.795     0.009827    99.720    99.750
  83     0.006364    99.818     0.010186    99.670    99.750
  84     0.007755    99.792     0.009068    99.700    99.750
  85     0.006810    99.798     0.009628    99.700    99.750
  86     0.006148    99.825     0.009570    99.730    99.750
  87     0.006187    99.822     0.010448    99.690    99.750
  88     0.006385    99.838     0.011046    99.650    99.750
  89     0.006046    99.832     0.010460    99.680    99.750
  90     0.005429    99.848     0.010693    99.670    99.750
  91     0.005886    99.848     0.012149    99.650    99.750
  92     0.006476    99.807     0.010461    99.690    99.750
  93     0.005402    99.853     0.010021    99.680    99.750
  94     0.005038    99.842     0.009795    99.670    99.750
  95     0.005424    99.842     0.010830    99.660    99.750
  96     0.005571    99.850     0.012024    99.650    99.750
  97     0.005272    99.853     0.010266    99.710    99.750
  98     0.005233    99.842     0.010243    99.710    99.750
  99     0.005662    99.840     0.010545    99.670    99.750
 100     0.005003    99.868     0.010234    99.720    99.750
 101     0.004523    99.870     0.010469    99.710    99.750
 102     0.005013    99.867     0.010372    99.730    99.750
 103     0.005216    99.847     0.009385    99.720    99.750
 104     0.004929    99.875     0.010624    99.710    99.750
 105     0.004446    99.873     0.010584    99.740    99.750
 106     0.004744    99.868     0.010714    99.720    99.750
 107     0.004791    99.870     0.010630    99.730    99.750
 108     0.003398    99.908     0.009805    99.720    99.750
 109     0.005088    99.845     0.010622    99.680    99.750
 110     0.003872    99.885     0.009547    99.670    99.750
 111     0.004396    99.873     0.009833    99.700    99.750
 112     0.004253    99.902     0.010376    99.670    99.750
 113     0.004759    99.862     0.009431    99.720    99.750
 114     0.004005    99.897     0.008967    99.750    99.750
 115     0.003992    99.890     0.009300    99.790    99.790
 116     0.004000    99.870     0.009251    99.780    99.790
 117     0.003293    99.908     0.009929    99.740    99.790
 118     0.003777    99.897     0.010048    99.730    99.790
 119     0.004031    99.888     0.009325    99.730    99.790
 120     0.004277    99.888     0.009513    99.740    99.790
 121     0.003676    99.892     0.010356    99.700    99.790
 122     0.003035    99.903     0.009349    99.720    99.790
 123     0.003536    99.907     0.009279    99.730    99.790
 124     0.002719    99.923     0.008969    99.720    99.790
 125     0.003413    99.902     0.009264    99.740    99.790
 126     0.003271    99.917     0.010643    99.710    99.790
 127     0.003209    99.912     0.011499    99.660    99.790
 128     0.003332    99.917     0.009815    99.720    99.790
 129     0.002612    99.930     0.010763    99.690    99.790
 130     0.002657    99.928     0.011569    99.660    99.790
 131     0.003692    99.893     0.011170    99.670    99.790
 132     0.003372    99.915     0.010629    99.680    99.790
 133     0.002930    99.925     0.010199    99.700    99.790
 134     0.002967    99.925     0.010780    99.690    99.790
 135     0.003018    99.912     0.010474    99.670    99.790
 136     0.003178    99.910     0.010322    99.680    99.790
 137     0.002970    99.917     0.009739    99.720    99.790
 138     0.003338    99.902     0.009121    99.770    99.790
 139     0.003031    99.908     0.009203    99.720    99.790
 140     0.002915    99.920     0.009959    99.680    99.790
 141     0.002378    99.933     0.009821    99.740    99.790
 142     0.002875    99.923     0.009316    99.730    99.790
 143     0.003418    99.902     0.009239    99.740    99.790
 144     0.002552    99.930     0.009168    99.740    99.790
 145     0.002657    99.930     0.009113    99.730    99.790
 146     0.002683    99.922     0.008919    99.720    99.790
 147     0.002345    99.933     0.008605    99.720    99.790
 148     0.002482    99.942     0.009692    99.720    99.790
 149     0.002443    99.932     0.010619    99.700    99.790
